<?xml version="1.0" encoding="UTF-8"?>
<Site BuildName="(empty)"
	BuildStamp="20230818-0504-Experimental"
	Name="(empty)"
	Generator="ctest-3.27.1"
	CompilerName=""
	CompilerVersion=""
	OSName="Linux"
	Hostname="pandora"
	OSRelease="6.4.10-arch1-1"
	OSVersion="#1 SMP PREEMPT_DYNAMIC Fri, 11 Aug 2023 11:03:36 +0000"
	OSPlatform="x86_64"
	Is64Bits="1"
	VendorString="GenuineIntel"
	VendorID="Intel Corporation"
	FamilyID="6"
	ModelID="78"
	ProcessorCacheSize="3072"
	NumberOfLogicalCPU="4"
	NumberOfPhysicalCPU="2"
	TotalVirtualMemory="8191"
	TotalPhysicalMemory="3786"
	LogicalProcessorsPerPhysical="2"
	ProcessorClockFrequency="1899.99"
	>
	<Testing>
		<StartDateTime>Aug 18 08:34 +0330</StartDateTime>
		<StartTestTime>1692335064</StartTestTime>
		<TestList/>
		<EndDateTime>Aug 18 08:34 +0330</EndDateTime>
		<EndTestTime>1692335064</EndTestTime>
		<ElapsedMinutes>0</ElapsedMinutes>
	</Testing>
</Site>
